Analysis & Synthesis report for core
Sun Dec 25 00:51:53 2022
Quartus II 64-Bit Version 15.0.0 Build 145 04/22/2015 SJ Web Edition


---------------------
; Table of Contents ;
---------------------
  1. Legal Notice
  2. Analysis & Synthesis Summary
  3. Analysis & Synthesis Settings
  4. Parallel Compilation
  5. Analysis & Synthesis Source Files Read
  6. Analysis & Synthesis Resource Usage Summary
  7. Analysis & Synthesis Resource Utilization by Entity
  8. State Machine - |core|control_unit:controller|state
  9. Registers Removed During Synthesis
 10. Removed Registers Triggering Further Register Optimizations
 11. General Register Statistics
 12. Multiplexer Restructuring Statistics (Restructuring Performed)
 13. Port Connectivity Checks: "ALU:arithm_logic"
 14. Port Connectivity Checks: "Reg_file:register_file"
 15. Port Connectivity Checks: "control_unit:controller"
 16. Post-Synthesis Netlist Statistics for Top Partition
 17. Elapsed Time Per Partition
 18. Analysis & Synthesis Messages



----------------
; Legal Notice ;
----------------
Copyright (C) 1991-2015 Altera Corporation. All rights reserved.
Your use of Altera Corporation's design tools, logic functions 
and other software and tools, and its AMPP partner logic 
functions, and any output files from any of the foregoing 
(including device programming or simulation files), and any 
associated documentation or information are expressly subject 
to the terms and conditions of the Altera Program License 
Subscription Agreement, the Altera Quartus II License Agreement,
the Altera MegaCore Function License Agreement, or other 
applicable license agreement, including, without limitation, 
that your use is for the sole purpose of programming logic 
devices manufactured by Altera and sold by Altera or its 
authorized distributors.  Please refer to the applicable 
agreement for further details.



+---------------------------------------------------------------------------------+
; Analysis & Synthesis Summary                                                    ;
+------------------------------------+--------------------------------------------+
; Analysis & Synthesis Status        ; Successful - Sun Dec 25 00:51:53 2022      ;
; Quartus II 64-Bit Version          ; 15.0.0 Build 145 04/22/2015 SJ Web Edition ;
; Revision Name                      ; core                                       ;
; Top-level Entity Name              ; core                                       ;
; Family                             ; Cyclone IV E                               ;
; Total logic elements               ; 0                                          ;
;     Total combinational functions  ; 0                                          ;
;     Dedicated logic registers      ; 0                                          ;
; Total registers                    ; 0                                          ;
; Total pins                         ; 2                                          ;
; Total virtual pins                 ; 0                                          ;
; Total memory bits                  ; 0                                          ;
; Embedded Multiplier 9-bit elements ; 0                                          ;
; Total PLLs                         ; 0                                          ;
+------------------------------------+--------------------------------------------+


+----------------------------------------------------------------------------------------------------------------------+
; Analysis & Synthesis Settings                                                                                        ;
+----------------------------------------------------------------------------+--------------------+--------------------+
; Option                                                                     ; Setting            ; Default Value      ;
+----------------------------------------------------------------------------+--------------------+--------------------+
; Device                                                                     ; EP4CE115F29C7      ;                    ;
; Top-level entity name                                                      ; core               ; core               ;
; Family name                                                                ; Cyclone IV E       ; Cyclone V          ;
; VHDL Show LMF Mapping Messages                                             ; Off                ;                    ;
; Verilog Show LMF Mapping Messages                                          ; Off                ;                    ;
; Verilog Version                                                            ; SystemVerilog_2005 ; Verilog_2001       ;
; VHDL Version                                                               ; VHDL_2008          ; VHDL_1993          ;
; Use smart compilation                                                      ; Off                ; Off                ;
; Enable parallel Assembler and TimeQuest Timing Analyzer during compilation ; On                 ; On                 ;
; Enable compact report table                                                ; Off                ; Off                ;
; Restructure Multiplexers                                                   ; Auto               ; Auto               ;
; Create Debugging Nodes for IP Cores                                        ; Off                ; Off                ;
; Preserve fewer node names                                                  ; On                 ; On                 ;
; Disable OpenCore Plus hardware evaluation                                  ; Off                ; Off                ;
; State Machine Processing                                                   ; Auto               ; Auto               ;
; Safe State Machine                                                         ; Off                ; Off                ;
; Extract Verilog State Machines                                             ; On                 ; On                 ;
; Extract VHDL State Machines                                                ; On                 ; On                 ;
; Ignore Verilog initial constructs                                          ; Off                ; Off                ;
; Iteration limit for constant Verilog loops                                 ; 5000               ; 5000               ;
; Iteration limit for non-constant Verilog loops                             ; 250                ; 250                ;
; Add Pass-Through Logic to Inferred RAMs                                    ; On                 ; On                 ;
; Infer RAMs from Raw Logic                                                  ; On                 ; On                 ;
; Parallel Synthesis                                                         ; On                 ; On                 ;
; DSP Block Balancing                                                        ; Auto               ; Auto               ;
; NOT Gate Push-Back                                                         ; On                 ; On                 ;
; Power-Up Don't Care                                                        ; On                 ; On                 ;
; Remove Redundant Logic Cells                                               ; Off                ; Off                ;
; Remove Duplicate Registers                                                 ; On                 ; On                 ;
; Ignore CARRY Buffers                                                       ; Off                ; Off                ;
; Ignore CASCADE Buffers                                                     ; Off                ; Off                ;
; Ignore GLOBAL Buffers                                                      ; Off                ; Off                ;
; Ignore ROW GLOBAL Buffers                                                  ; Off                ; Off                ;
; Ignore LCELL Buffers                                                       ; Off                ; Off                ;
; Ignore SOFT Buffers                                                        ; On                 ; On                 ;
; Limit AHDL Integers to 32 Bits                                             ; Off                ; Off                ;
; Optimization Technique                                                     ; Balanced           ; Balanced           ;
; Carry Chain Length                                                         ; 70                 ; 70                 ;
; Auto Carry Chains                                                          ; On                 ; On                 ;
; Auto Open-Drain Pins                                                       ; On                 ; On                 ;
; Perform WYSIWYG Primitive Resynthesis                                      ; Off                ; Off                ;
; Auto ROM Replacement                                                       ; On                 ; On                 ;
; Auto RAM Replacement                                                       ; On                 ; On                 ;
; Auto DSP Block Replacement                                                 ; On                 ; On                 ;
; Auto Shift Register Replacement                                            ; Auto               ; Auto               ;
; Allow Shift Register Merging across Hierarchies                            ; Auto               ; Auto               ;
; Auto Clock Enable Replacement                                              ; On                 ; On                 ;
; Strict RAM Replacement                                                     ; Off                ; Off                ;
; Allow Synchronous Control Signals                                          ; On                 ; On                 ;
; Force Use of Synchronous Clear Signals                                     ; Off                ; Off                ;
; Auto RAM Block Balancing                                                   ; On                 ; On                 ;
; Auto RAM to Logic Cell Conversion                                          ; Off                ; Off                ;
; Auto Resource Sharing                                                      ; Off                ; Off                ;
; Allow Any RAM Size For Recognition                                         ; Off                ; Off                ;
; Allow Any ROM Size For Recognition                                         ; Off                ; Off                ;
; Allow Any Shift Register Size For Recognition                              ; Off                ; Off                ;
; Use LogicLock Constraints during Resource Balancing                        ; On                 ; On                 ;
; Ignore translate_off and synthesis_off directives                          ; Off                ; Off                ;
; Timing-Driven Synthesis                                                    ; On                 ; On                 ;
; Report Parameter Settings                                                  ; On                 ; On                 ;
; Report Source Assignments                                                  ; On                 ; On                 ;
; Report Connectivity Checks                                                 ; On                 ; On                 ;
; Ignore Maximum Fan-Out Assignments                                         ; Off                ; Off                ;
; Synchronization Register Chain Length                                      ; 2                  ; 2                  ;
; PowerPlay Power Optimization During Synthesis                              ; Normal compilation ; Normal compilation ;
; HDL message level                                                          ; Level2             ; Level2             ;
; Suppress Register Optimization Related Messages                            ; Off                ; Off                ;
; Number of Removed Registers Reported in Synthesis Report                   ; 5000               ; 5000               ;
; Number of Swept Nodes Reported in Synthesis Report                         ; 5000               ; 5000               ;
; Number of Inverted Registers Reported in Synthesis Report                  ; 100                ; 100                ;
; Clock MUX Protection                                                       ; On                 ; On                 ;
; Auto Gated Clock Conversion                                                ; Off                ; Off                ;
; Block Design Naming                                                        ; Auto               ; Auto               ;
; SDC constraint protection                                                  ; Off                ; Off                ;
; Synthesis Effort                                                           ; Auto               ; Auto               ;
; Shift Register Replacement - Allow Asynchronous Clear Signal               ; On                 ; On                 ;
; Pre-Mapping Resynthesis Optimization                                       ; Off                ; Off                ;
; Analysis & Synthesis Message Level                                         ; Medium             ; Medium             ;
; Disable Register Merging Across Hierarchies                                ; Auto               ; Auto               ;
; Resource Aware Inference For Block RAM                                     ; On                 ; On                 ;
; Synthesis Seed                                                             ; 1                  ; 1                  ;
+----------------------------------------------------------------------------+--------------------+--------------------+


+------------------------------------------+
; Parallel Compilation                     ;
+----------------------------+-------------+
; Processors                 ; Number      ;
+----------------------------+-------------+
; Number detected on machine ; 8           ;
; Maximum allowed            ; 4           ;
;                            ;             ;
; Average used               ; 1.00        ;
; Maximum used               ; 1           ;
;                            ;             ;
; Usage by Processor         ; % Time Used ;
;     Processor 1            ; 100.0%      ;
;     Processors 2-8         ;   0.0%      ;
+----------------------------+-------------+


+----------------------------------------------------------------------------------------------------------------------------------------------------------+
; Analysis & Synthesis Source Files Read                                                                                                                   ;
+----------------------------------+-----------------+-----------------+-------------------------------------------------------------------------+---------+
; File Name with User-Entered Path ; Used in Netlist ; File Type       ; File Name with Absolute Path                                            ; Library ;
+----------------------------------+-----------------+-----------------+-------------------------------------------------------------------------+---------+
; ../Stack/Controll_Fetch.vhd      ; yes             ; User VHDL File  ; C:/Users/79315/Desktop/vhdl_homework/core/Stack/Controll_Fetch.vhd      ;         ;
; ../Regfile/Reg_file.vhd          ; yes             ; User VHDL File  ; C:/Users/79315/Desktop/vhdl_homework/core/Regfile/Reg_file.vhd          ;         ;
; ../ProgrammMemory/progmem.vhd    ; yes             ; User VHDL File  ; C:/Users/79315/Desktop/vhdl_homework/core/ProgrammMemory/progmem.vhd    ;         ;
; ../ControllUnit/control_unit.vhd ; yes             ; User VHDL File  ; C:/Users/79315/Desktop/vhdl_homework/core/ControllUnit/control_unit.vhd ;         ;
; ../ALU/alu.vhd                   ; yes             ; User VHDL File  ; C:/Users/79315/Desktop/vhdl_homework/core/ALU/alu.vhd                   ;         ;
; ../Stack/core.vhd                ; yes             ; User VHDL File  ; C:/Users/79315/Desktop/vhdl_homework/core/Stack/core.vhd                ;         ;
+----------------------------------+-----------------+-----------------+-------------------------------------------------------------------------+---------+


+-----------------------------------------------------+
; Analysis & Synthesis Resource Usage Summary         ;
+---------------------------------------------+-------+
; Resource                                    ; Usage ;
+---------------------------------------------+-------+
;                                             ;       ;
; Total combinational functions               ; 0     ;
; Logic element usage by number of LUT inputs ;       ;
;     -- 4 input functions                    ; 0     ;
;     -- 3 input functions                    ; 0     ;
;     -- <=2 input functions                  ; 0     ;
;                                             ;       ;
; Logic elements by mode                      ;       ;
;     -- normal mode                          ; 0     ;
;     -- arithmetic mode                      ; 0     ;
;                                             ;       ;
; Total registers                             ; 0     ;
;     -- Dedicated logic registers            ; 0     ;
;     -- I/O registers                        ; 0     ;
;                                             ;       ;
; I/O pins                                    ; 2     ;
;                                             ;       ;
; Embedded Multiplier 9-bit elements          ; 0     ;
;                                             ;       ;
; Maximum fan-out node                        ; clk   ;
; Maximum fan-out                             ; 1     ;
; Total fan-out                               ; 2     ;
; Average fan-out                             ; 0.50  ;
+---------------------------------------------+-------+


+-----------------------------------------------------------------------------------------------------------------------------------------------------------------------------+
; Analysis & Synthesis Resource Utilization by Entity                                                                                                                         ;
+----------------------------+-------------------+--------------+-------------+--------------+---------+-----------+------+--------------+---------------------+--------------+
; Compilation Hierarchy Node ; LC Combinationals ; LC Registers ; Memory Bits ; DSP Elements ; DSP 9x9 ; DSP 18x18 ; Pins ; Virtual Pins ; Full Hierarchy Name ; Library Name ;
+----------------------------+-------------------+--------------+-------------+--------------+---------+-----------+------+--------------+---------------------+--------------+
; |core                      ; 0 (0)             ; 0 (0)        ; 0           ; 0            ; 0       ; 0         ; 2    ; 0            ; |core               ; work         ;
+----------------------------+-------------------+--------------+-------------+--------------+---------+-----------+------+--------------+---------------------+--------------+
Note: For table entries with two numbers listed, the numbers in parentheses indicate the number of resources of the given type used by the specific entity alone. The numbers listed outside of parentheses indicate the total resources of the given type used by the specific entity and all of its sub-entities in the hierarchy.


Encoding Type:  One-Hot
+-------------------------------------------------------------------------------+
; State Machine - |core|control_unit:controller|state                           ;
+------------------+-------------+------------+--------------+------------------+
; Name             ; state.Store ; state.Exec ; state.Decode ; state.InstrFetch ;
+------------------+-------------+------------+--------------+------------------+
; state.InstrFetch ; 0           ; 0          ; 0            ; 0                ;
; state.Decode     ; 0           ; 0          ; 1            ; 1                ;
; state.Exec       ; 0           ; 1          ; 0            ; 1                ;
; state.Store      ; 1           ; 0          ; 0            ; 1                ;
+------------------+-------------+------------+--------------+------------------+


+---------------------------------------------------------------------------------------------+
; Registers Removed During Synthesis                                                          ;
+--------------------------------------------+------------------------------------------------+
; Register name                              ; Reason for Removal                             ;
+--------------------------------------------+------------------------------------------------+
; control_unit:controller|mode12k[1]         ; Merged with control_unit:controller|mode12k[0] ;
; control_unit:controller|opcode[5..7]       ; Stuck at GND due to stuck port data_in         ;
; control_unit:controller|k[7]               ; Stuck at GND due to stuck port data_in         ;
; control_unit:controller|opcode[12..15]     ; Lost fanout                                    ;
; Controll_Fetch:program_counter|PC[0..11]   ; Lost fanout                                    ;
; control_unit:controller|k[0..6,8..11]      ; Lost fanout                                    ;
; control_unit:controller|mode12k[0]         ; Lost fanout                                    ;
; control_unit:controller|clk_if             ; Lost fanout                                    ;
; control_unit:controller|opcode[0..4,8..11] ; Lost fanout                                    ;
; control_unit:controller|state.InstrFetch   ; Lost fanout                                    ;
; control_unit:controller|state.Decode       ; Lost fanout                                    ;
; control_unit:controller|state.Exec         ; Lost fanout                                    ;
; control_unit:controller|state.Store        ; Lost fanout                                    ;
; Total Number of Removed Registers = 47     ;                                                ;
+--------------------------------------------+------------------------------------------------+


+----------------------------------------------------------------------------------------------------------------------------------------------+
; Removed Registers Triggering Further Register Optimizations                                                                                  ;
+-----------------------------------+---------------------------+------------------------------------------------------------------------------+
; Register name                     ; Reason for Removal        ; Registers Removed due to This Register                                       ;
+-----------------------------------+---------------------------+------------------------------------------------------------------------------+
; control_unit:controller|opcode[7] ; Stuck at GND              ; control_unit:controller|k[7], control_unit:controller|opcode[13],            ;
;                                   ; due to stuck port data_in ; control_unit:controller|opcode[12], control_unit:controller|opcode[15],      ;
;                                   ;                           ; control_unit:controller|opcode[14], Controll_Fetch:program_counter|PC[0],    ;
;                                   ;                           ; Controll_Fetch:program_counter|PC[1], Controll_Fetch:program_counter|PC[2],  ;
;                                   ;                           ; Controll_Fetch:program_counter|PC[3], control_unit:controller|k[11],         ;
;                                   ;                           ; control_unit:controller|k[10], control_unit:controller|k[9],                 ;
;                                   ;                           ; control_unit:controller|k[8], control_unit:controller|k[6],                  ;
;                                   ;                           ; control_unit:controller|k[5], control_unit:controller|k[4],                  ;
;                                   ;                           ; control_unit:controller|mode12k[0], control_unit:controller|clk_if,          ;
;                                   ;                           ; control_unit:controller|opcode[11], control_unit:controller|opcode[10],      ;
;                                   ;                           ; control_unit:controller|opcode[4], control_unit:controller|state.InstrFetch, ;
;                                   ;                           ; control_unit:controller|state.Decode                                         ;
; control_unit:controller|opcode[6] ; Stuck at GND              ; control_unit:controller|opcode[9], control_unit:controller|opcode[3]         ;
;                                   ; due to stuck port data_in ;                                                                              ;
; control_unit:controller|opcode[5] ; Stuck at GND              ; control_unit:controller|opcode[8], control_unit:controller|opcode[2]         ;
;                                   ; due to stuck port data_in ;                                                                              ;
; control_unit:controller|k[1]      ; Lost Fanouts              ; control_unit:controller|opcode[1]                                            ;
; control_unit:controller|k[0]      ; Lost Fanouts              ; control_unit:controller|opcode[0]                                            ;
+-----------------------------------+---------------------------+------------------------------------------------------------------------------+


+------------------------------------------------------+
; General Register Statistics                          ;
+----------------------------------------------+-------+
; Statistic                                    ; Value ;
+----------------------------------------------+-------+
; Total registers                              ; 0     ;
; Number of registers using Synchronous Clear  ; 0     ;
; Number of registers using Synchronous Load   ; 0     ;
; Number of registers using Asynchronous Clear ; 0     ;
; Number of registers using Asynchronous Load  ; 0     ;
; Number of registers using Clock Enable       ; 0     ;
; Number of registers using Preset             ; 0     ;
+----------------------------------------------+-------+


+---------------------------------------------------------------------------------------------------------------------------------------------------+
; Multiplexer Restructuring Statistics (Restructuring Performed)                                                                                    ;
+--------------------+-----------+---------------+----------------------+------------------------+------------+-------------------------------------+
; Multiplexer Inputs ; Bus Width ; Baseline Area ; Area if Restructured ; Saving if Restructured ; Registered ; Example Multiplexer Output          ;
+--------------------+-----------+---------------+----------------------+------------------------+------------+-------------------------------------+
; 5:1                ; 2 bits    ; 6 LEs         ; 2 LEs                ; 4 LEs                  ; Yes        ; |core|control_unit:controller|k[6]  ;
; 5:1                ; 7 bits    ; 21 LEs        ; 7 LEs                ; 14 LEs                 ; Yes        ; |core|control_unit:controller|k[11] ;
; 5:1                ; 2 bits    ; 6 LEs         ; 2 LEs                ; 4 LEs                  ; Yes        ; |core|control_unit:controller|k[1]  ;
+--------------------+-----------+---------------+----------------------+------------------------+------------+-------------------------------------+


+----------------------------------------------------------------------------------------------------------------------+
; Port Connectivity Checks: "ALU:arithm_logic"                                                                         ;
+------------+--------+----------+-------------------------------------------------------------------------------------+
; Port       ; Type   ; Severity ; Details                                                                             ;
+------------+--------+----------+-------------------------------------------------------------------------------------+
; res[15..8] ; Output ; Info     ; Connected to dangling logic. Logic that only feeds a dangling port will be removed. ;
; sreg       ; Output ; Info     ; Connected to dangling logic. Logic that only feeds a dangling port will be removed. ;
+------------+--------+----------+-------------------------------------------------------------------------------------+


+----------------------------------------------------------------------------------------------------------------+
; Port Connectivity Checks: "Reg_file:register_file"                                                             ;
+------+--------+----------+-------------------------------------------------------------------------------------+
; Port ; Type   ; Severity ; Details                                                                             ;
+------+--------+----------+-------------------------------------------------------------------------------------+
; x_o  ; Output ; Info     ; Connected to dangling logic. Logic that only feeds a dangling port will be removed. ;
; y_o  ; Output ; Info     ; Connected to dangling logic. Logic that only feeds a dangling port will be removed. ;
; z_o  ; Output ; Info     ; Connected to dangling logic. Logic that only feeds a dangling port will be removed. ;
+------+--------+----------+-------------------------------------------------------------------------------------+


+----------------------------------------------------------------------------------------------------------------+
; Port Connectivity Checks: "control_unit:controller"                                                            ;
+------+--------+----------+-------------------------------------------------------------------------------------+
; Port ; Type   ; Severity ; Details                                                                             ;
+------+--------+----------+-------------------------------------------------------------------------------------+
; op_k ; Output ; Info     ; Connected to dangling logic. Logic that only feeds a dangling port will be removed. ;
+------+--------+----------+-------------------------------------------------------------------------------------+


+-----------------------------------------------------+
; Post-Synthesis Netlist Statistics for Top Partition ;
+-------------------+---------------------------------+
; Type              ; Count                           ;
+-------------------+---------------------------------+
; boundary_port     ; 2                               ;
;                   ;                                 ;
; Max LUT depth     ; 0.00                            ;
; Average LUT depth ; 0.00                            ;
+-------------------+---------------------------------+


+-------------------------------+
; Elapsed Time Per Partition    ;
+----------------+--------------+
; Partition Name ; Elapsed Time ;
+----------------+--------------+
; Top            ; 00:00:00     ;
+----------------+--------------+


+-------------------------------+
; Analysis & Synthesis Messages ;
+-------------------------------+
Info: *******************************************************************
Info: Running Quartus II 64-Bit Analysis & Synthesis
    Info: Version 15.0.0 Build 145 04/22/2015 SJ Web Edition
    Info: Processing started: Sun Dec 25 00:51:21 2022
Info: Command: quartus_map --read_settings_files=on --write_settings_files=off core -c core
Info (11104): Parallel Compilation has detected 8 hyper-threaded processors. However, the extra hyper-threaded processors will not be used by default. Parallel Compilation will use 4 of the 4 physical processors detected instead.
Info (12021): Found 2 design units, including 1 entities, in source file /users/79315/desktop/vhdl_homework/core/stack/controll_fetch.vhd
    Info (12022): Found design unit 1: Controll_Fetch-RTL
    Info (12023): Found entity 1: Controll_Fetch
Info (12021): Found 2 design units, including 1 entities, in source file /users/79315/desktop/vhdl_homework/core/regfile/reg_file.vhd
    Info (12022): Found design unit 1: Reg_file-RTL
    Info (12023): Found entity 1: Reg_file
Info (12021): Found 2 design units, including 1 entities, in source file /users/79315/desktop/vhdl_homework/core/programmmemory/progmem.vhd
    Info (12022): Found design unit 1: progmem-RTL
    Info (12023): Found entity 1: progmem
Info (12021): Found 2 design units, including 1 entities, in source file /users/79315/desktop/vhdl_homework/core/controllunit/control_unit.vhd
    Info (12022): Found design unit 1: control_unit-control
    Info (12023): Found entity 1: control_unit
Info (12021): Found 2 design units, including 1 entities, in source file /users/79315/desktop/vhdl_homework/core/alu/alu.vhd
    Info (12022): Found design unit 1: ALU-RTL
    Info (12023): Found entity 1: ALU
Info (12021): Found 2 design units, including 1 entities, in source file /users/79315/desktop/vhdl_homework/core/stack/core.vhd
    Info (12022): Found design unit 1: core-core
    Info (12023): Found entity 1: core
Info (12021): Found 1 design units, including 1 entities, in source file core_test.sv
    Info (12023): Found entity 1: core_test
Info (12127): Elaborating entity "core" for the top level hierarchy
Warning (10036): Verilog HDL or VHDL warning at core.vhd(89): object "op_k" assigned a value but never read
Warning (10036): Verilog HDL or VHDL warning at core.vhd(91): object "X_o" assigned a value but never read
Warning (10036): Verilog HDL or VHDL warning at core.vhd(92): object "Y_o" assigned a value but never read
Warning (10036): Verilog HDL or VHDL warning at core.vhd(93): object "Z_o" assigned a value but never read
Warning (10036): Verilog HDL or VHDL warning at core.vhd(96): object "SREG" assigned a value but never read
Info (12128): Elaborating entity "control_unit" for hierarchy "control_unit:controller"
Info (12128): Elaborating entity "Controll_Fetch" for hierarchy "Controll_Fetch:program_counter"
Warning (10492): VHDL Process Statement warning at Controll_Fetch.vhd(29): signal "rst_n" is read inside the Process Statement but isn't in the Process Statement's sensitivity list
Info (12128): Elaborating entity "progmem" for hierarchy "progmem:program_memory"
Info (12128): Elaborating entity "Reg_file" for hierarchy "Reg_file:register_file"
Info (12128): Elaborating entity "ALU" for hierarchy "ALU:arithm_logic"
Info (276014): Found 1 instances of uninferred RAM logic
    Info (276004): RAM logic "progmem:program_memory|PM" is uninferred due to inappropriate RAM size
Info (17049): 42 registers lost all their fanouts during netlist optimizations.
Info (16010): Generating hard_block partition "hard_block:auto_generated_inst"
    Info (16011): Adding 0 node(s), including 0 DDIO, 0 PLL, 0 transceiver and 0 LCELL
Warning (21074): Design contains 2 input pin(s) that do not drive logic
    Warning (15610): No output dependent on input pin "clk"
    Warning (15610): No output dependent on input pin "reset_n"
Info (21057): Implemented 2 device resources after synthesis - the final resource count might be different
    Info (21058): Implemented 2 input pins
    Info (21059): Implemented 0 output pins
Info: Quartus II 64-Bit Analysis & Synthesis was successful. 0 errors, 9 warnings
    Info: Peak virtual memory: 4847 megabytes
    Info: Processing ended: Sun Dec 25 00:51:53 2022
    Info: Elapsed time: 00:00:32
    Info: Total CPU time (on all processors): 00:01:18


